#
# A fatal error has been detected by the Java Runtime Environment:
#
#  EXCEPTION_ACCESS_VIOLATION (0xc0000005) at pc=0x70fb00a2, pid=17188, tid=0x00000cf8
#
# JRE version: Java(TM) SE Runtime Environment (8.0_351-b10) (build 1.8.0_351-b10)
# Java VM: Java HotSpot(TM) Client VM (25.351-b10 mixed mode windows-x86 )
# Problematic frame:
# V  [jvm.dll+0x1800a2]
#
# Failed to write core dump. Minidumps are not enabled by default on client versions of Windows
#
# If you would like to submit a bug report, please visit:
#   http://bugreport.java.com/bugreport/crash.jsp
#

---------------  T H R E A D  ---------------

Current thread (0x00923800):  VMThread [stack: 0x24b10000,0x24b60000] [id=3320]

siginfo: ExceptionCode=0xc0000005, reading address 0x00000008

Registers:
EAX=0x00000000, EBX=0x24b5f704, ECX=0x00000000, EDX=0x00000000
ESP=0x24b5f004, EBP=0x24b5f110, ESI=0x24b5f124, EDI=0x24b5f704
EIP=0x70fb00a2, EFLAGS=0x00010246

Top of Stack: (sp=0x24b5f004)
0x24b5f004:   00000001 00000000 24b5f02c 710051b9
0x24b5f014:   00000164 70ec1f6c 24b5f150 70fb051a
0x24b5f024:   24b5f6a4 24b5f150 70fb021b 70fafe0b
0x24b5f034:   259f4968 70f8bcbb 25bb9c00 259fc5c8
0x24b5f044:   70f8bcd7 24b5f5e5 00000080 0000001d
0x24b5f054:   00000001 00000000 00000006 264ef450
0x24b5f064:   028154c2 02814dc8 00000000 264ef570
0x24b5f074:   24b5f1b0 70fb054a 24b5f1b0 70fb051a 

Instructions: (pc=0x70fb00a2)
0x70fb0082:   ec 81 ec 08 01 00 00 a1 74 f4 1a 71 33 c5 89 45
0x70fb0092:   fc 56 8b f1 33 c0 8b 4e 04 c7 46 08 00 00 00 00
0x70fb00a2:   80 79 08 28 74 35 6a 28 8d 85 f8 fe ff ff 68 50
0x70fb00b2:   ce 13 71 50 e8 b5 eb e9 ff ff 30 68 14 8a 10 71 


Register to memory mapping:

EAX=0x00000000 is an unknown value
EBX=0x24b5f704 is an unknown value
ECX=0x00000000 is an unknown value
EDX=0x00000000 is an unknown value
ESP=0x24b5f004 is an unknown value
EBP=0x24b5f110 is an unknown value
ESI=0x24b5f124 is an unknown value
EDI=0x24b5f704 is an unknown value


Stack: [0x24b10000,0x24b60000],  sp=0x24b5f004,  free space=316k
Native frames: (J=compiled Java code, j=interpreted, Vv=VM code, C=native code)
V  [jvm.dll+0x1800a2]
V  [jvm.dll+0xb7520]
V  [jvm.dll+0xb840d]
V  [jvm.dll+0xb8b3c]
V  [jvm.dll+0xb73a1]
V  [jvm.dll+0xb688a]
V  [jvm.dll+0x8a9d7]
V  [jvm.dll+0x8b39c]
V  [jvm.dll+0xc0967]
V  [jvm.dll+0xd3e1d]
V  [jvm.dll+0x12897c]
V  [jvm.dll+0x1913e9]
V  [jvm.dll+0x18ff38]
V  [jvm.dll+0x190629]
V  [jvm.dll+0x1908a9]
V  [jvm.dll+0x1d04bb]
C  [ucrtbase.dll+0x44f9f]
C  [KERNEL32.DLL+0x200f9]
C  [ntdll.dll+0x67bbe]
C  [ntdll.dll+0x67b8e]

VM_Operation (0x2539f6f8): GetOrSetLocal, mode: safepoint, requested by thread 0x24d9bc00


---------------  P R O C E S S  ---------------

Java Threads: ( => current thread )
  0x2b134800 JavaThread "Timer-1" [_thread_blocked, id=8648, stack(0x328b0000,0x32900000)]
  0x259dcc00 JavaThread "Timer-0" [_thread_blocked, id=268, stack(0x301a0000,0x301f0000)]
  0x25569000 JavaThread "Thread-5" [_thread_in_native, id=9096, stack(0x2e7c0000,0x2e810000)]
  0x25c57800 JavaThread "Prism Font Disposer" daemon [_thread_blocked, id=14036, stack(0x2dd30000,0x2dd80000)]
  0x25b40000 JavaThread "Thread-4" daemon [_thread_blocked, id=11768, stack(0x2b9b0000,0x2ba00000)]
  0x25c5b400 JavaThread "JavaFX-Launcher" [_thread_blocked, id=15084, stack(0x2ba40000,0x2ba90000)]
  0x25bb9c00 JavaThread "JavaFX Application Thread" [_thread_blocked, id=15724, stack(0x263f0000,0x264f0000)]
  0x25bae400 JavaThread "Thread-1" daemon [_thread_blocked, id=1476, stack(0x26360000,0x263b0000)]
  0x25a89000 JavaThread "QuantumRenderer-0" daemon [_thread_blocked, id=6704, stack(0x25ef0000,0x25f40000)]
  0x25633000 JavaThread "Service Thread" daemon [_thread_blocked, id=7208, stack(0x25790000,0x257e0000)]
  0x255d6c00 JavaThread "C1 CompilerThread0" daemon [_thread_blocked, id=17256, stack(0x25700000,0x25750000)]
  0x24da5400 JavaThread "JDWP Command Reader" daemon [_thread_in_native, id=4004, stack(0x25470000,0x254c0000)]
  0x24d9e400 JavaThread "JDWP Event Helper Thread" daemon [_thread_blocked, id=12500, stack(0x253e0000,0x25430000)]
  0x24d9bc00 JavaThread "JDWP Transport Listener: dt_socket" daemon [_thread_blocked, id=7332, stack(0x25350000,0x253a0000)]
  0x24d7d000 JavaThread "Attach Listener" daemon [_thread_blocked, id=10884, stack(0x24f80000,0x24fd0000)]
  0x24d7b000 JavaThread "Signal Dispatcher" daemon [_thread_blocked, id=12944, stack(0x24ef0000,0x24f40000)]
  0x24d50000 JavaThread "Finalizer" daemon [_thread_blocked, id=8000, stack(0x24c30000,0x24c80000)]
  0x0092bc00 JavaThread "Reference Handler" daemon [_thread_blocked, id=7996, stack(0x24ba0000,0x24bf0000)]
  0x00874800 JavaThread "main" [_thread_blocked, id=13760, stack(0x02350000,0x023a0000)]

Other Threads:
=>0x00923800 VMThread [stack: 0x24b10000,0x24b60000] [id=3320]
  0x2566cc00 WatcherThread [stack: 0x25820000,0x25870000] [id=5500]

VM state:at safepoint (normal execution)

VM Mutex/Monitor currently owned by a thread:  ([mutex/lock_event])
[0x00871990] Threads_lock - owner thread: 0x00923800

Heap:
 def new generation   total 145856K, used 87471K [0x04600000, 0x0e440000, 0x0f0a0000)
  eden space 129664K,  67% used [0x04600000, 0x09b6bd18, 0x0c4a0000)
  from space 16192K,   0% used [0x0c4a0000, 0x0c4a0000, 0x0d470000)
  to   space 16192K,   0% used [0x0d470000, 0x0d470000, 0x0e440000)
 tenured generation   total 324056K, used 194431K [0x0f0a0000, 0x22d16000, 0x24600000)
   the space 324056K,  59% used [0x0f0a0000, 0x1ae7fff8, 0x1ae80000, 0x22d16000)
 Metaspace       used 13011K, capacity 13720K, committed 13824K, reserved 14720K

Card table byte_map: [0x04490000,0x045a0000] byte_map_base: 0x0446d000

Polling page: 0x00d00000

CodeCache: size=32768Kb used=4869Kb max_used=4869Kb free=27898Kb
 bounds [0x02410000, 0x028d8000, 0x04410000]
 total_blobs=3097 nmethods=2683 adapters=352
 compilation: enabled

Compilation events (10 events):
Event: 50.404 Thread 0x255d6c00 2703             java.util.Arrays::asList (9 bytes)
Event: 50.404 Thread 0x255d6c00 nmethod 2703 0x028d06c8 code [0x028d07d0, 0x028d090c]
Event: 50.772 Thread 0x255d6c00 2704             javafx.scene.text.Font::getName (5 bytes)
Event: 50.772 Thread 0x255d6c00 nmethod 2704 0x028d0a48 code [0x028d0b40, 0x028d0bc0]
Event: 50.837 Thread 0x255d6c00 2705             java.util.SubList$1::next (25 bytes)
Event: 50.837 Thread 0x255d6c00 nmethod 2705 0x028d0c08 code [0x028d0d30, 0x028d0e94]
Event: 50.856 Thread 0x255d6c00 2706             javafx.fxml.FXMLLoader$PropertyElement::isCollection (16 bytes)
Event: 50.856 Thread 0x255d6c00 nmethod 2706 0x028d1008 code [0x028d1100, 0x028d11ac]
Event: 50.881 Thread 0x255d6c00 2707             com.sun.org.apache.xerces.internal.impl.XMLEntityScanner::arrangeCapacity (227 bytes)
Event: 50.882 Thread 0x255d6c00 nmethod 2707 0x028d1208 code [0x028d1350, 0x028d1600]

GC Heap History (10 events):
Event: 10.868 GC heap before
{Heap before GC invocations=16 (full 4):
 def new generation   total 37824K, used 33664K [0x04600000, 0x06f00000, 0x0f0a0000)
  eden space 33664K, 100% used [0x04600000, 0x066e0000, 0x066e0000)
  from space 4160K,   0% used [0x066e0000, 0x066e0000, 0x06af0000)
  to   space 4160K,   0% used [0x06af0000, 0x06af0000, 0x06f00000)
 tenured generation   total 83812K, used 50285K [0x0f0a0000, 0x14279000, 0x24600000)
   the space 83812K,  59% used [0x0f0a0000, 0x121bb618, 0x121bb800, 0x14279000)
 Metaspace       used 12275K, capacity 12843K, committed 12928K, reserved 13696K
Event: 10.881 GC heap after
Heap after GC invocations=17 (full 4):
 def new generation   total 37824K, used 4160K [0x04600000, 0x06f00000, 0x0f0a0000)
  eden space 33664K,   0% used [0x04600000, 0x04600000, 0x066e0000)
  from space 4160K, 100% used [0x06af0000, 0x06f00000, 0x06f00000)
  to   space 4160K,   0% used [0x066e0000, 0x066e0000, 0x06af0000)
 tenured generation   total 83812K, used 75453K [0x0f0a0000, 0x14279000, 0x24600000)
   the space 83812K,  90% used [0x0f0a0000, 0x13a4f7c0, 0x13a4f800, 0x14279000)
 Metaspace       used 12275K, capacity 12843K, committed 12928K, reserved 13696K
}
Event: 12.671 GC heap before
{Heap before GC invocations=17 (full 4):
 def new generation   total 37824K, used 37494K [0x04600000, 0x06f00000, 0x0f0a0000)
  eden space 33664K,  99% used [0x04600000, 0x0668daa0, 0x066e0000)
  from space 4160K, 100% used [0x06af0000, 0x06f00000, 0x06f00000)
  to   space 4160K,   0% used [0x066e0000, 0x066e0000, 0x06af0000)
 tenured generation   total 83812K, used 75453K [0x0f0a0000, 0x14279000, 0x24600000)
   the space 83812K,  90% used [0x0f0a0000, 0x13a4f7c0, 0x13a4f800, 0x14279000)
 Metaspace       used 12392K, capacity 12984K, committed 13056K, reserved 13696K
Event: 12.697 GC heap after
Heap after GC invocations=18 (full 5):
 def new generation   total 76800K, used 3684K [0x04600000, 0x09950000, 0x0f0a0000)
  eden space 68288K,   5% used [0x04600000, 0x04999378, 0x088b0000)
  from space 8512K,   0% used [0x088b0000, 0x088b0000, 0x09100000)
  to   space 8512K,   0% used [0x09100000, 0x09100000, 0x09950000)
 tenured generation   total 170540K, used 102323K [0x0f0a0000, 0x1972b000, 0x24600000)
   the space 170540K,  59% used [0x0f0a0000, 0x1548cdd8, 0x1548ce00, 0x1972b000)
 Metaspace       used 12392K, capacity 12984K, committed 13056K, reserved 13696K
}
Event: 13.115 GC heap before
{Heap before GC invocations=18 (full 5):
 def new generation   total 76800K, used 68288K [0x04600000, 0x09950000, 0x0f0a0000)
  eden space 68288K, 100% used [0x04600000, 0x088b0000, 0x088b0000)
  from space 8512K,   0% used [0x088b0000, 0x088b0000, 0x09100000)
  to   space 8512K,   0% used [0x09100000, 0x09100000, 0x09950000)
 tenured generation   total 170540K, used 102323K [0x0f0a0000, 0x1972b000, 0x24600000)
   the space 170540K,  59% used [0x0f0a0000, 0x1548cdd8, 0x1548ce00, 0x1972b000)
 Metaspace       used 12584K, capacity 13216K, committed 13312K, reserved 13696K
Event: 13.132 GC heap after
Heap after GC invocations=19 (full 5):
 def new generation   total 76800K, used 8512K [0x04600000, 0x09950000, 0x0f0a0000)
  eden space 68288K,   0% used [0x04600000, 0x04600000, 0x088b0000)
  from space 8512K, 100% used [0x09100000, 0x09950000, 0x09950000)
  to   space 8512K,   0% used [0x088b0000, 0x088b0000, 0x09100000)
 tenured generation   total 170540K, used 133578K [0x0f0a0000, 0x1972b000, 0x24600000)
   the space 170540K,  78% used [0x0f0a0000, 0x17312ae8, 0x17312c00, 0x1972b000)
 Metaspace       used 12584K, capacity 13216K, committed 13312K, reserved 13696K
}
Event: 13.534 GC heap before
{Heap before GC invocations=19 (full 5):
 def new generation   total 76800K, used 76539K [0x04600000, 0x09950000, 0x0f0a0000)
  eden space 68288K,  99% used [0x04600000, 0x0886ec78, 0x088b0000)
  from space 8512K, 100% used [0x09100000, 0x09950000, 0x09950000)
  to   space 8512K,   0% used [0x088b0000, 0x088b0000, 0x09100000)
 tenured generation   total 170540K, used 133578K [0x0f0a0000, 0x1972b000, 0x24600000)
   the space 170540K,  78% used [0x0f0a0000, 0x17312ae8, 0x17312c00, 0x1972b000)
 Metaspace       used 12624K, capacity 13268K, committed 13312K, reserved 13696K
Event: 13.551 GC heap after
Heap after GC invocations=20 (full 5):
 def new generation   total 76800K, used 8512K [0x04600000, 0x09950000, 0x0f0a0000)
  eden space 68288K,   0% used [0x04600000, 0x04600000, 0x088b0000)
  from space 8512K, 100% used [0x088b0000, 0x09100000, 0x09100000)
  to   space 8512K,   0% used [0x09100000, 0x09100000, 0x09950000)
 tenured generation   total 170540K, used 167520K [0x0f0a0000, 0x1972b000, 0x24600000)
   the space 170540K,  98% used [0x0f0a0000, 0x194382b8, 0x19438400, 0x1972b000)
 Metaspace       used 12624K, capacity 13268K, committed 13312K, reserved 13696K
}
Event: 20.025 GC heap before
{Heap before GC invocations=20 (full 5):
 def new generation   total 76800K, used 76800K [0x04600000, 0x09950000, 0x0f0a0000)
  eden space 68288K, 100% used [0x04600000, 0x088b0000, 0x088b0000)
  from space 8512K, 100% used [0x088b0000, 0x09100000, 0x09100000)
  to   space 8512K,   0% used [0x09100000, 0x09100000, 0x09950000)
 tenured generation   total 170540K, used 167520K [0x0f0a0000, 0x1972b000, 0x24600000)
   the space 170540K,  98% used [0x0f0a0000, 0x194382b8, 0x19438400, 0x1972b000)
 Metaspace       used 12863K, capacity 13565K, committed 13568K, reserved 13696K
Event: 20.061 GC heap after
Heap after GC invocations=21 (full 6):
 def new generation   total 145856K, used 8425K [0x04600000, 0x0e440000, 0x0f0a0000)
  eden space 129664K,   6% used [0x04600000, 0x04e3a450, 0x0c4a0000)
  from space 16192K,   0% used [0x0c4a0000, 0x0c4a0000, 0x0d470000)
  to   space 16192K,   0% used [0x0d470000, 0x0d470000, 0x0e440000)
 tenured generation   total 324056K, used 194431K [0x0f0a0000, 0x22d16000, 0x24600000)
   the space 324056K,  59% used [0x0f0a0000, 0x1ae7fff8, 0x1ae80000, 0x22d16000)
 Metaspace       used 12863K, capacity 13565K, committed 13568K, reserved 13696K
}

Deoptimization events (0 events):
No events

Classes redefined (10 events):
Event: 95.933 Thread 0x00923800 redefined class name=controllerGui.ViewCatalogController, count=2
Event: 95.937 Thread 0x00923800 redefined class name=controllerGui.ViewCatalogController$1, count=2
Event: 95.940 Thread 0x00923800 redefined class name=controllerGui.ViewCatalogController$2, count=2
Event: 95.943 Thread 0x00923800 redefined class name=controllerGui.ViewCatalogController$4, count=2
Event: 95.945 Thread 0x00923800 redefined class name=controllerGui.ViewCatalogController$3, count=2
Event: 105.884 Thread 0x00923800 redefined class name=controllerGui.ViewCatalogController, count=3
Event: 105.886 Thread 0x00923800 redefined class name=controllerGui.ViewCatalogController$1, count=3
Event: 105.889 Thread 0x00923800 redefined class name=controllerGui.ViewCatalogController$2, count=3
Event: 105.891 Thread 0x00923800 redefined class name=controllerGui.ViewCatalogController$4, count=3
Event: 105.894 Thread 0x00923800 redefined class name=controllerGui.ViewCatalogController$3, count=3

Internal exceptions (10 events):
Event: 1.909 Thread 0x25bb9c00 Exception <a 'java/io/FileNotFoundException'> (0x056df738) thrown at [C:\jenkins\workspace\8-2-build-windows-i586-cygwin\jdk8u351\2908\hotspot\src\share\vm\prims\jni.cpp, line 710]
Event: 9.712 Thread 0x25bb9c00 Exception <a 'java/lang/NoSuchMethodError': <clinit>> (0x04f270c0) thrown at [C:\jenkins\workspace\8-2-build-windows-i586-cygwin\jdk8u351\2908\hotspot\src\share\vm\prims\jni.cpp, line 1615]
Event: 9.847 Thread 0x25569000 Exception <a 'java/lang/NoSuchMethodError': <clinit>> (0x053bce40) thrown at [C:\jenkins\workspace\8-2-build-windows-i586-cygwin\jdk8u351\2908\hotspot\src\share\vm\prims\jni.cpp, line 1615]
Event: 9.848 Thread 0x25569000 Exception <a 'java/lang/NoSuchMethodError': <clinit>> (0x053cb3b8) thrown at [C:\jenkins\workspace\8-2-build-windows-i586-cygwin\jdk8u351\2908\hotspot\src\share\vm\prims\jni.cpp, line 1615]
Event: 9.849 Thread 0x25569000 Exception <a 'java/lang/NoSuchMethodError': <clinit>> (0x053d6c38) thrown at [C:\jenkins\workspace\8-2-build-windows-i586-cygwin\jdk8u351\2908\hotspot\src\share\vm\prims\jni.cpp, line 1615]
Event: 10.149 Thread 0x25569000 Exception <a 'java/lang/NoSuchMethodError': <clinit>> (0x0637a718) thrown at [C:\jenkins\workspace\8-2-build-windows-i586-cygwin\jdk8u351\2908\hotspot\src\share\vm\prims\jni.cpp, line 1615]
Event: 12.561 Thread 0x25569000 Exception <a 'java/lang/NoSuchMethodError': <clinit>> (0x04ec5830) thrown at [C:\jenkins\workspace\8-2-build-windows-i586-cygwin\jdk8u351\2908\hotspot\src\share\vm\prims\jni.cpp, line 1615]
Event: 13.184 Thread 0x25bb9c00 Implicit null exception at 0x02746023 to 0x02746233
Event: 43.516 Thread 0x25bb9c00 Exception <a 'java/io/FileNotFoundException'> (0x05409f68) thrown at [C:\jenkins\workspace\8-2-build-windows-i586-cygwin\jdk8u351\2908\hotspot\src\share\vm\prims\jni.cpp, line 710]
Event: 44.325 Thread 0x25bb9c00 Exception <a 'java/io/FileNotFoundException'> (0x06b855c0) thrown at [C:\jenkins\workspace\8-2-build-windows-i586-cygwin\jdk8u351\2908\hotspot\src\share\vm\prims\jni.cpp, line 710]

Events (10 events):
Event: 105.900 Executing VM operation: ChangeBreakpoints done
Event: 105.901 Executing VM operation: EnterInterpOnlyMode
Event: 105.901 Executing nested VM operation: Deoptimize
Event: 105.901 Executing nested VM operation: Deoptimize done
Event: 105.901 Executing VM operation: EnterInterpOnlyMode done
Event: 105.901 Executing VM operation: GetCurrentLocation
Event: 105.901 Executing VM operation: GetCurrentLocation done
Event: 105.901 Executing VM operation: ChangeSingleStep
Event: 105.901 Executing VM operation: ChangeSingleStep done
Event: 105.901 Executing VM operation: GetOrSetLocal


Dynamic libraries:
0x00d30000 - 0x00d6f000 	C:\Program Files (x86)\Java\jre1.8.0_351\bin\javaw.exe
0x76f50000 - 0x770f4000 	C:\Windows\SYSTEM32\ntdll.dll
0x75ff0000 - 0x760e0000 	C:\Windows\System32\KERNEL32.DLL
0x76c10000 - 0x76e2c000 	C:\Windows\System32\KERNELBASE.dll
0x75aa0000 - 0x75b1b000 	C:\Windows\System32\ADVAPI32.dll
0x76370000 - 0x7642f000 	C:\Windows\System32\msvcrt.dll
0x74ed0000 - 0x74f46000 	C:\Windows\System32\sechost.dll
0x75420000 - 0x754de000 	C:\Windows\System32\RPCRT4.dll
0x74fe0000 - 0x7517d000 	C:\Windows\System32\USER32.dll
0x765a0000 - 0x765b8000 	C:\Windows\System32\win32u.dll
0x765c0000 - 0x765e3000 	C:\Windows\System32\GDI32.dll
0x760e0000 - 0x761c0000 	C:\Windows\System32\gdi32full.dll
0x76b20000 - 0x76b9b000 	C:\Windows\System32\msvcp_win.dll
0x75be0000 - 0x75d00000 	C:\Windows\System32\ucrtbase.dll
0x71f70000 - 0x72180000 	C:\Windows\WinSxS\x86_microsoft.windows.common-controls_6595b64144ccf1df_6.0.19041.1110_none_a8625c1886757984\COMCTL32.dll
0x76570000 - 0x76596000 	C:\Windows\System32\IMM32.DLL
0x72530000 - 0x72543000 	C:\Program Files (x86)\Java\jre1.8.0_351\bin\vcruntime140.dll
0x71f00000 - 0x71f6f000 	C:\Program Files (x86)\Java\jre1.8.0_351\bin\msvcp140.dll
0x70e30000 - 0x71210000 	C:\Program Files (x86)\Java\jre1.8.0_351\bin\client\jvm.dll
0x76f30000 - 0x76f36000 	C:\Windows\System32\PSAPI.DLL
0x74410000 - 0x74438000 	C:\Windows\SYSTEM32\WINMM.dll
0x72640000 - 0x72648000 	C:\Windows\SYSTEM32\WSOCK32.dll
0x73770000 - 0x73778000 	C:\Windows\SYSTEM32\VERSION.dll
0x75b20000 - 0x75b83000 	C:\Windows\System32\WS2_32.dll
0x72d30000 - 0x72d3f000 	C:\Windows\SYSTEM32\kernel.appcore.dll
0x72520000 - 0x7252d000 	C:\Program Files (x86)\Java\jre1.8.0_351\bin\verify.dll
0x71ed0000 - 0x71ef4000 	C:\Program Files (x86)\Java\jre1.8.0_351\bin\java.dll
0x6e950000 - 0x6e97c000 	C:\Program Files (x86)\Java\jre1.8.0_351\bin\jdwp.dll
0x71e40000 - 0x71e47000 	C:\Program Files (x86)\Java\jre1.8.0_351\bin\npt.dll
0x6db30000 - 0x6db5c000 	C:\Program Files (x86)\Java\jre1.8.0_351\bin\instrument.dll
0x71e50000 - 0x71e65000 	C:\Program Files (x86)\Java\jre1.8.0_351\bin\zip.dll
0x754e0000 - 0x75a96000 	C:\Windows\System32\SHELL32.dll
0x72dc0000 - 0x733cc000 	C:\Windows\SYSTEM32\windows.storage.dll
0x751a0000 - 0x75420000 	C:\Windows\System32\combase.dll
0x72d90000 - 0x72db7000 	C:\Windows\SYSTEM32\Wldp.dll
0x76430000 - 0x764b7000 	C:\Windows\System32\SHCORE.dll
0x75b90000 - 0x75bd5000 	C:\Windows\System32\shlwapi.dll
0x72d70000 - 0x72d88000 	C:\Windows\SYSTEM32\profapi.dll
0x6e900000 - 0x6e909000 	C:\Program Files (x86)\Java\jre1.8.0_351\bin\dt_socket.dll
0x71790000 - 0x717a1000 	C:\Windows\system32\napinsp.dll
0x71770000 - 0x71786000 	C:\Windows\system32\pnrpnsp.dll
0x71760000 - 0x71770000 	C:\Windows\system32\wshbth.dll
0x71740000 - 0x71756000 	C:\Windows\system32\NLAapi.dll
0x736a0000 - 0x736d2000 	C:\Windows\SYSTEM32\IPHLPAPI.DLL
0x72c50000 - 0x72ca2000 	C:\Windows\System32\mswsock.dll
0x73540000 - 0x735d0000 	C:\Windows\SYSTEM32\DNSAPI.dll
0x762b0000 - 0x762b7000 	C:\Windows\System32\NSI.dll
0x71730000 - 0x7173e000 	C:\Windows\System32\winrnr.dll
0x723d0000 - 0x72429000 	C:\Windows\System32\fwpuclnt.dll
0x76350000 - 0x76369000 	C:\Windows\System32\bcrypt.dll
0x72430000 - 0x72438000 	C:\Windows\System32\rasadhlp.dll
0x71e30000 - 0x71e33000 	C:\Program Files (x86)\Java\jre1.8.0_351\bin\api-ms-win-core-console-l1-1-0.dll
0x71e20000 - 0x71e23000 	C:\Program Files (x86)\Java\jre1.8.0_351\bin\api-ms-win-core-console-l1-2-0.dll
0x71e10000 - 0x71e13000 	C:\Program Files (x86)\Java\jre1.8.0_351\bin\api-ms-win-core-datetime-l1-1-0.dll
0x71e00000 - 0x71e03000 	C:\Program Files (x86)\Java\jre1.8.0_351\bin\api-ms-win-core-debug-l1-1-0.dll
0x71df0000 - 0x71df3000 	C:\Program Files (x86)\Java\jre1.8.0_351\bin\api-ms-win-core-errorhandling-l1-1-0.dll
0x71de0000 - 0x71de4000 	C:\Program Files (x86)\Java\jre1.8.0_351\bin\api-ms-win-core-file-l1-1-0.dll
0x71880000 - 0x71883000 	C:\Program Files (x86)\Java\jre1.8.0_351\bin\api-ms-win-core-file-l1-2-0.dll
0x71870000 - 0x71873000 	C:\Program Files (x86)\Java\jre1.8.0_351\bin\api-ms-win-core-file-l2-1-0.dll
0x71860000 - 0x71863000 	C:\Program Files (x86)\Java\jre1.8.0_351\bin\api-ms-win-core-handle-l1-1-0.dll
0x70e20000 - 0x70e23000 	C:\Program Files (x86)\Java\jre1.8.0_351\bin\api-ms-win-core-heap-l1-1-0.dll
0x6ee00000 - 0x6ee03000 	C:\Program Files (x86)\Java\jre1.8.0_351\bin\api-ms-win-core-interlocked-l1-1-0.dll
0x6edf0000 - 0x6edf3000 	C:\Program Files (x86)\Java\jre1.8.0_351\bin\api-ms-win-core-libraryloader-l1-1-0.dll
0x6ede0000 - 0x6ede3000 	C:\Program Files (x86)\Java\jre1.8.0_351\bin\api-ms-win-core-localization-l1-2-0.dll
0x6edd0000 - 0x6edd3000 	C:\Program Files (x86)\Java\jre1.8.0_351\bin\api-ms-win-core-memory-l1-1-0.dll
0x6edc0000 - 0x6edc3000 	C:\Program Files (x86)\Java\jre1.8.0_351\bin\api-ms-win-core-namedpipe-l1-1-0.dll
0x6edb0000 - 0x6edb3000 	C:\Program Files (x86)\Java\jre1.8.0_351\bin\api-ms-win-core-processenvironment-l1-1-0.dll
0x6eda0000 - 0x6eda3000 	C:\Program Files (x86)\Java\jre1.8.0_351\bin\api-ms-win-core-processthreads-l1-1-0.dll
0x6ed90000 - 0x6ed93000 	C:\Program Files (x86)\Java\jre1.8.0_351\bin\api-ms-win-core-processthreads-l1-1-1.dll
0x6ed80000 - 0x6ed83000 	C:\Program Files (x86)\Java\jre1.8.0_351\bin\api-ms-win-core-profile-l1-1-0.dll
0x6ed70000 - 0x6ed73000 	C:\Program Files (x86)\Java\jre1.8.0_351\bin\api-ms-win-core-rtlsupport-l1-1-0.dll
0x6ed60000 - 0x6ed63000 	C:\Program Files (x86)\Java\jre1.8.0_351\bin\api-ms-win-core-string-l1-1-0.dll
0x6ed50000 - 0x6ed53000 	C:\Program Files (x86)\Java\jre1.8.0_351\bin\api-ms-win-core-synch-l1-1-0.dll
0x6ed40000 - 0x6ed43000 	C:\Program Files (x86)\Java\jre1.8.0_351\bin\api-ms-win-core-synch-l1-2-0.dll
0x6ed30000 - 0x6ed33000 	C:\Program Files (x86)\Java\jre1.8.0_351\bin\api-ms-win-core-sysinfo-l1-1-0.dll
0x6ed20000 - 0x6ed23000 	C:\Program Files (x86)\Java\jre1.8.0_351\bin\api-ms-win-core-timezone-l1-1-0.dll
0x6ed10000 - 0x6ed13000 	C:\Program Files (x86)\Java\jre1.8.0_351\bin\api-ms-win-core-util-l1-1-0.dll
0x6ed00000 - 0x6ed03000 	C:\Program Files (x86)\Java\jre1.8.0_351\bin\api-ms-win-crt-conio-l1-1-0.dll
0x6ecf0000 - 0x6ecf4000 	C:\Program Files (x86)\Java\jre1.8.0_351\bin\api-ms-win-crt-convert-l1-1-0.dll
0x6ece0000 - 0x6ece3000 	C:\Program Files (x86)\Java\jre1.8.0_351\bin\api-ms-win-crt-environment-l1-1-0.dll
0x6ecd0000 - 0x6ecd3000 	C:\Program Files (x86)\Java\jre1.8.0_351\bin\api-ms-win-crt-filesystem-l1-1-0.dll
0x6ecc0000 - 0x6ecc3000 	C:\Program Files (x86)\Java\jre1.8.0_351\bin\api-ms-win-crt-heap-l1-1-0.dll
0x6ecb0000 - 0x6ecb3000 	C:\Program Files (x86)\Java\jre1.8.0_351\bin\api-ms-win-crt-locale-l1-1-0.dll
0x6eca0000 - 0x6eca5000 	C:\Program Files (x86)\Java\jre1.8.0_351\bin\api-ms-win-crt-math-l1-1-0.dll
0x6ec90000 - 0x6ec95000 	C:\Program Files (x86)\Java\jre1.8.0_351\bin\api-ms-win-crt-multibyte-l1-1-0.dll
0x6ec80000 - 0x6ec90000 	C:\Program Files (x86)\Java\jre1.8.0_351\bin\api-ms-win-crt-private-l1-1-0.dll
0x6ec70000 - 0x6ec73000 	C:\Program Files (x86)\Java\jre1.8.0_351\bin\api-ms-win-crt-process-l1-1-0.dll
0x6ec60000 - 0x6ec64000 	C:\Program Files (x86)\Java\jre1.8.0_351\bin\api-ms-win-crt-runtime-l1-1-0.dll
0x6ec50000 - 0x6ec54000 	C:\Program Files (x86)\Java\jre1.8.0_351\bin\api-ms-win-crt-stdio-l1-1-0.dll
0x6ec40000 - 0x6ec44000 	C:\Program Files (x86)\Java\jre1.8.0_351\bin\api-ms-win-crt-string-l1-1-0.dll
0x6ec30000 - 0x6ec33000 	C:\Program Files (x86)\Java\jre1.8.0_351\bin\api-ms-win-crt-time-l1-1-0.dll
0x6ec20000 - 0x6ec23000 	C:\Program Files (x86)\Java\jre1.8.0_351\bin\api-ms-win-crt-utility-l1-1-0.dll
0x6de80000 - 0x6df9f000 	C:\Program Files (x86)\Java\jre1.8.0_351\bin\ucrtbase.dll
0x6ec10000 - 0x6ec17000 	C:\Program Files (x86)\Java\jre1.8.0_351\bin\msvcp140_1.dll
0x6ebe0000 - 0x6ec09000 	C:\Program Files (x86)\Java\jre1.8.0_351\bin\msvcp140_2.dll
0x6ebc0000 - 0x6ebdf000 	C:\Program Files (x86)\Java\jre1.8.0_351\bin\prism_d3d.dll
0x6dcf0000 - 0x6de7f000 	C:\Windows\system32\d3d9.dll
0x735d0000 - 0x735f6000 	C:\Windows\SYSTEM32\dwmapi.dll
0x73620000 - 0x73694000 	C:\Windows\system32\uxtheme.dll
0x726c0000 - 0x72827000 	C:\Windows\System32\DriverStore\FileRepository\u0386458.inf_amd64_e0283e9e7966f704\B386218\aticfx32.dll
0x71ea0000 - 0x71eca000 	C:\Windows\System32\DriverStore\FileRepository\u0386458.inf_amd64_e0283e9e7966f704\B386218\atiu9pag.dll
0x6c8e0000 - 0x6d3a9000 	C:\Windows\System32\DriverStore\FileRepository\u0386458.inf_amd64_e0283e9e7966f704\B386218\atiumdag.dll
0x765f0000 - 0x766d3000 	C:\Windows\System32\ole32.dll
0x6db60000 - 0x6dce8000 	C:\Windows\SYSTEM32\dbghelp.dll
0x71e70000 - 0x71e9c000 	C:\Windows\SYSTEM32\dbgcore.DLL
0x68ae0000 - 0x6992c000 	C:\Windows\System32\DriverStore\FileRepository\u0386458.inf_amd64_e0283e9e7966f704\B386218\atiumdva.dll
0x766e0000 - 0x76b14000 	C:\Windows\System32\SETUPAPI.dll
0x76270000 - 0x762ab000 	C:\Windows\System32\cfgmgr32.dll
0x73710000 - 0x73754000 	C:\Windows\SYSTEM32\POWRPROF.dll
0x733e0000 - 0x733ed000 	C:\Windows\SYSTEM32\UMPDC.dll
0x72660000 - 0x72688000 	C:\Windows\SYSTEM32\amdihk32.dll
0x6e910000 - 0x6e947000 	C:\Program Files (x86)\Java\jre1.8.0_351\bin\glass.dll
0x764c0000 - 0x7656f000 	C:\Windows\System32\COMDLG32.dll
0x75d00000 - 0x75d96000 	C:\Windows\System32\OLEAUT32.dll
0x75da0000 - 0x75e74000 	C:\Windows\System32\MSCTF.dll
0x74e70000 - 0x74ecf000 	C:\Windows\System32\bcryptPrimitives.dll
0x6ee10000 - 0x6ee3c000 	C:\Windows\SYSTEM32\dxcore.dll
0x762c0000 - 0x76343000 	C:\Windows\System32\clbcatq.dll
0x629b0000 - 0x62b21000 	C:\Windows\SYSTEM32\WindowsCodecs.dll
0x6d520000 - 0x6d551000 	C:\Windows\system32\dataexchange.dll
0x70c40000 - 0x70e20000 	C:\Windows\system32\d3d11.dll
0x6d3b0000 - 0x6d514000 	C:\Windows\system32\dcomp.dll
0x71b70000 - 0x71c32000 	C:\Windows\system32\dxgi.dll
0x6e040000 - 0x6e1cf000 	C:\Windows\system32\twinapi.appcore.dll
0x6eb90000 - 0x6ebb4000 	C:\Program Files (x86)\Common Files\Microsoft Shared\Ink\rtscom.dll
0x6e840000 - 0x6e8f9000 	C:\Windows\SYSTEM32\textinputframework.dll
0x6e5c0000 - 0x6e83e000 	C:\Windows\System32\CoreUIComponents.dll
0x6e520000 - 0x6e5bb000 	C:\Windows\System32\CoreMessaging.dll

VM Arguments:
jvm_args: -agentlib:jdwp=transport=dt_socket,suspend=y,address=localhost:59674 -Xmx2048m -javaagent:D:\Users\Davids\eclipse\java-2022-09\eclipse\configuration\org.eclipse.osgi\228\0\.cp\lib\javaagent-shaded.jar -Dfile.encoding=UTF-8 -Xmx512M 
java_command: client.ClientUI
java_class_path (initial): C:\Users\Davids\Desktop\EKrut\EKrut\EKrut_Client\bin;C:\Users\Davids\Desktop\EKrut\EKrut\EKrut_Client\src\mysql\mysql-connector-java-8.0.13.jar;C:\Users\Davids\.p2\pool\plugins\org.eclipse.fx.ide.css.jfx8_3.8.0.202204150904.jar;C:\Users\Davids\.p2\pool\plugins\junit-jupiter-api_5.9.0.jar;C:\Users\Davids\.p2\pool\plugins\junit-jupiter-engine_5.9.0.jar;C:\Users\Davids\.p2\pool\plugins\junit-jupiter-migrationsupport_5.9.0.jar;C:\Users\Davids\.p2\pool\plugins\junit-jupiter-params_5.9.0.jar;C:\Users\Davids\.p2\pool\plugins\junit-platform-commons_1.9.0.jar;C:\Users\Davids\.p2\pool\plugins\junit-platform-engine_1.9.0.jar;C:\Users\Davids\.p2\pool\plugins\junit-platform-launcher_1.9.0.jar;C:\Users\Davids\.p2\pool\plugins\junit-platform-runner_1.9.0.jar;C:\Users\Davids\.p2\pool\plugins\junit-platform-suite-api_1.9.0.jar;C:\Users\Davids\.p2\pool\plugins\junit-platform-suite-engine_1.9.0.jar;C:\Users\Davids\.p2\pool\plugins\junit-platform-suite-commons_1.9.0.jar;C:\Users\Davids\.p2\pool\plugins\junit-vintage-engine_5.9.0.jar;C:\Users\Davids\.p2\pool\plugins\org.opentest4j_1.2.0.jar;C:\Users\Davids\.p2\pool\plugins\org.apiguardian.api_1.1.2.jar;C:\Users\Davids\.p2\pool\plugins\org.junit_4.13.2.v20211018-1956.jar;C:\Users\Davids\.p2\pool\plugins\org.hamcrest.core_1.3.0.v20180420-1519.jar;C:\Users\Davids\Desktop\EKrut\EKrut\EKrut_Client\JUnitTests\mockito-all-2.0.2-beta.jar;D:\Users\Davids\eclipse\java-2022-09\eclipse\configuration\org.eclipse.osgi\228\0\.cp\lib\javaagent-shaded.jar
Launcher Type: SUN_STANDARD

Environment Variables:
_JAVA_OPTIONS=-Xmx512M
PATH=C:/Users/Davids/.p2/pool/plugins/org.eclipse.justj.openjdk.hotspot.jre.full.win32.x86_64_17.0.5.v20221102-0933/jre/bin/server;C:/Users/Davids/.p2/pool/plugins/org.eclipse.justj.openjdk.hotspot.jre.full.win32.x86_64_17.0.5.v20221102-0933/jre/bin;C:\Program Files (x86)\Common Files\Oracle\Java\javapath;C:\Windows\system32;C:\Windows;C:\Windows\System32\Wbem;C:\Windows\System32\WindowsPowerShell\v1.0\;C:\Windows\System32\OpenSSH\;C:\Program Files\dotnet\;D:\Program Files\Git\cmd;C:\Users\Davids\AppData\Local\Programs\Python\Python311\Scripts\;C:\Users\Davids\AppData\Local\Programs\Python\Python311\;C:\Program Files\MySQL\MySQL Shell 8.0\bin\;C:\Users\Davids\AppData\Local\Microsoft\WindowsApps;C:\Users\Davids\.dotnet\tools;C:\Users\Davids\AppData\Local\GitHubDesktop\bin;D:\Users\Davids\AppData\Local\Programs\Microsoft VS Code\bin;D:\Users\Davids\Downloads;
USERNAME=Davids
OS=Windows_NT
PROCESSOR_IDENTIFIER=AMD64 Family 25 Model 33 Stepping 2, AuthenticAMD



---------------  S Y S T E M  ---------------

OS: Windows 10 , 64 bit Build 19041 (10.0.19041.2364)

CPU:total 12 (initial active 12) (12 cores per cpu, 1 threads per core) family 25 model 33 stepping 2, cmov, cx8, fxsr, mmx, sse, sse2, sse3, ssse3, sse4.1, sse4.2, popcnt, avx, avx2, aes, clmul, erms, mmxext, 3dnowpref, lzcnt, sse4a, tsc, tscinvbit, tscinv, bmi1

Memory: 4k page, physical 16678600k(8905208k free), swap 22707912k(7518556k free)

vm_info: Java HotSpot(TM) Client VM (25.351-b10) for windows-x86 JRE (1.8.0_351-b10), built on Sep 15 2022 03:01:07 by "java_re" with MS VC++ 15.9 (VS2017)

time: Sun Jan  8 01:09:43 2023
timezone: AMD64 Family 25 Model 33 Stepping 2, AuthenticAMD
elapsed time: 105.924867 seconds (0d 0h 1m 45s)

